<?xml version="1.0" encoding="UTF-8"?>
<!-- Generated by org.testng.reporters.JUnitReportReporter -->
<testsuite hostname="Revs_Device" failures="0" tests="3" name="com.saucelab.Testcases.ProductPageTest" time="0.526" errors="0" timestamp="2023-09-05T16:47:05 IST" skipped="0">
  <testcase classname="com.saucelab.Testcases.ProductPageTest" name="verifyURL" time="0.007">
    <system-out>
      <![CDATA[verifyURLCompleted succesfully]]>
    </system-out>
  </testcase> <!-- verifyURL -->
  <testcase classname="com.saucelab.Testcases.ProductPageTest" name="VerifyFilterDropDown" time="0.075">
    <system-out>
      <![CDATA[VerifyFilterDropDownCompleted succesfully]]>
    </system-out>
  </testcase> <!-- VerifyFilterDropDown -->
  <testcase classname="com.saucelab.Testcases.ProductPageTest" name="AddItemToCartTest" time="0.444">
    <system-out>
      <![CDATA[AddItemToCartTestCompleted succesfully]]>
    </system-out>
  </testcase> <!-- AddItemToCartTest -->
  <system-out>
    <![CDATA[VerifyLabelsCompleted succesfully
VerifyPageLogoCompleted succesfully
VerifyPageTitleCompleted succesfully
VerifyPageURLCompleted succesfully
LoginCompleted succesfully
VerifyFilterDropDownCompleted succesfully
verifyURLCompleted succesfully
AddItemToCartTestCompleted succesfully
shoppingCartTestCompleted succesfully
verifyPageURLCompleted succesfully
verifylabelsCompleted succesfully
yourinformationTestCompleted succesfully
OverviewTestCompleted succesfully]]>
  </system-out>
</testsuite> <!-- com.saucelab.Testcases.ProductPageTest -->
