<?xml version="1.0" encoding="UTF-8"?>
<!-- Generated by org.testng.reporters.JUnitReportReporter -->
<testsuite hostname="Revs_Device" failures="0" tests="7" name="com.saucelab.Testcases.LoginTest" time="2.020" errors="0" timestamp="2023-09-05T23:37:42 IST" skipped="0">
  <testcase classname="com.saucelab.Testcases.LoginTest" name="Login_02" time="0.314"/>
  <testcase classname="com.saucelab.Testcases.LoginTest" name="Login_03" time="0.273"/>
  <testcase classname="com.saucelab.Testcases.LoginTest" name="VerifyPageTitle" time="0.115"/>
  <testcase classname="com.saucelab.Testcases.LoginTest" name="VerifyLabels" time="0.106"/>
  <testcase classname="com.saucelab.Testcases.LoginTest" name="VerifyPageURL" time="0.110"/>
  <testcase classname="com.saucelab.Testcases.LoginTest" name="VerifyPageLogo" time="0.122"/>
  <testcase classname="com.saucelab.Testcases.LoginTest" name="Login_01" time="0.980"/>
</testsuite> <!-- com.saucelab.Testcases.LoginTest -->
