<?xml version="1.0" encoding="UTF-8"?>
<!-- Generated by org.testng.reporters.JUnitReportReporter -->
<testsuite hostname="Revs_Device" failures="0" tests="2" name="com.saucelab.Testcases.YourCartPageTest" time="0.399" errors="0" timestamp="2023-09-05T16:47:05 IST" skipped="0">
  <testcase classname="com.saucelab.Testcases.YourCartPageTest" name="shoppingCartTest" time="0.391">
    <system-out>
      <![CDATA[shoppingCartTestCompleted succesfully]]>
    </system-out>
  </testcase> <!-- shoppingCartTest -->
  <testcase classname="com.saucelab.Testcases.YourCartPageTest" name="verifyPageURL" time="0.008">
    <system-out>
      <![CDATA[verifyPageURLCompleted succesfully]]>
    </system-out>
  </testcase> <!-- verifyPageURL -->
  <system-out>
    <![CDATA[VerifyLabelsCompleted succesfully
VerifyPageLogoCompleted succesfully
VerifyPageTitleCompleted succesfully
VerifyPageURLCompleted succesfully
LoginCompleted succesfully
VerifyFilterDropDownCompleted succesfully
verifyURLCompleted succesfully
AddItemToCartTestCompleted succesfully
shoppingCartTestCompleted succesfully
verifyPageURLCompleted succesfully
verifylabelsCompleted succesfully
yourinformationTestCompleted succesfully
OverviewTestCompleted succesfully]]>
  </system-out>
</testsuite> <!-- com.saucelab.Testcases.YourCartPageTest -->
