<?xml version="1.0" encoding="UTF-8"?>
<!-- Generated by org.testng.reporters.JUnitReportReporter -->
<testsuite hostname="Revs_Device" failures="0" tests="2" name="com.saucelab.Testcases.CheckoutInformationPageTest" time="0.517" errors="0" timestamp="2023-09-05T13:11:35 IST" skipped="0">
  <testcase classname="com.saucelab.Testcases.CheckoutInformationPageTest" name="yourinformationTest" time="0.482">
    <system-out>
      <![CDATA[yourinformationTestCompleted succesfully]]>
    </system-out>
  </testcase> <!-- yourinformationTest -->
  <testcase classname="com.saucelab.Testcases.CheckoutInformationPageTest" name="verifylabels" time="0.035">
    <system-out>
      <![CDATA[verifylabelsCompleted succesfully]]>
    </system-out>
  </testcase> <!-- verifylabels -->
  <system-out>
    <![CDATA[VerifyLabelsCompleted succesfully
VerifyPageLogoCompleted succesfully
VerifyPageTitleCompleted succesfully
VerifyPageURLCompleted succesfully
LoginCompleted succesfully
VerifyFilterDropDownCompleted succesfully
verifyURLCompleted succesfully
AddItemToCartTestCompleted succesfully
shoppingCartTestCompleted succesfully
verifyPageURLCompleted succesfully
verifylabelsCompleted succesfully
yourinformationTestCompleted succesfully
OverviewTestCompleted succesfully]]>
  </system-out>
</testsuite> <!-- com.saucelab.Testcases.CheckoutInformationPageTest -->
