<?xml version="1.0" encoding="UTF-8"?>
<!-- Generated by org.testng.reporters.JUnitReportReporter -->
<testsuite hostname="Revs_Device" failures="0" tests="1" name="com.saucelab.Testcases.OverViewPageTest" time="0.728" errors="0" timestamp="2023-09-05T13:11:35 IST" skipped="0">
  <testcase classname="com.saucelab.Testcases.OverViewPageTest" name="OverviewTest" time="0.728">
    <system-out>
      <![CDATA[OverviewTestCompleted succesfully]]>
    </system-out>
  </testcase> <!-- OverviewTest -->
  <system-out>
    <![CDATA[VerifyLabelsCompleted succesfully
VerifyPageLogoCompleted succesfully
VerifyPageTitleCompleted succesfully
VerifyPageURLCompleted succesfully
LoginCompleted succesfully
VerifyFilterDropDownCompleted succesfully
verifyURLCompleted succesfully
AddItemToCartTestCompleted succesfully
shoppingCartTestCompleted succesfully
verifyPageURLCompleted succesfully
verifylabelsCompleted succesfully
yourinformationTestCompleted succesfully
OverviewTestCompleted succesfully]]>
  </system-out>
</testsuite> <!-- com.saucelab.Testcases.OverViewPageTest -->
