<?xml version="1.0" encoding="UTF-8"?>
<!-- Generated by org.testng.reporters.JUnitReportReporter -->
<testsuite hostname="Revs_Device" failures="0" tests="3" name="com.saucelab.Testcases.CheckoutInformationPageTest" time="0.334" errors="0" timestamp="2023-09-06T12:36:32 IST" skipped="0">
  <testcase classname="com.saucelab.Testcases.CheckoutInformationPageTest" name="proceedCheckout" time="0.090"/>
  <testcase classname="com.saucelab.Testcases.CheckoutInformationPageTest" name="verifylabels" time="0.050"/>
  <testcase classname="com.saucelab.Testcases.CheckoutInformationPageTest" name="yourinformationTest" time="0.194"/>
</testsuite> <!-- com.saucelab.Testcases.CheckoutInformationPageTest -->
