<?xml version="1.0" encoding="UTF-8"?>
<!-- Generated by org.testng.reporters.JUnitReportReporter -->
<testsuite hostname="Revs_Device" failures="0" tests="3" name="com.saucelab.Testcases.ProductListTest" time="0.383" errors="0" timestamp="2023-09-06T10:45:52 IST" skipped="0">
  <testcase classname="com.saucelab.Testcases.ProductListTest" name="VerifyFilterDropDown" time="0.219"/>
  <testcase classname="com.saucelab.Testcases.ProductListTest" name="verifyURL" time="0.007"/>
  <testcase classname="com.saucelab.Testcases.ProductListTest" name="AddItemToCartTest" time="0.157"/>
</testsuite> <!-- com.saucelab.Testcases.ProductListTest -->
