<?xml version="1.0" encoding="UTF-8"?>
<!-- Generated by org.testng.reporters.JUnitReportReporter -->
<testsuite hostname="Revs_Device" failures="0" tests="6" name="com.saucelab.Testcases.LoginTest" time="1.085" errors="0" timestamp="2023-09-06T10:34:30 IST" skipped="0">
  <testcase classname="com.saucelab.Testcases.LoginTest" name="Login_02" time="0.176"/>
  <testcase classname="com.saucelab.Testcases.LoginTest" name="VerifyPageLogo" time="0.016"/>
  <testcase classname="com.saucelab.Testcases.LoginTest" name="VerifyPageURL" time="0.005"/>
  <testcase classname="com.saucelab.Testcases.LoginTest" name="VerifyPageTitle" time="0.007"/>
  <testcase classname="com.saucelab.Testcases.LoginTest" name="VerifyLabels" time="0.028"/>
  <testcase classname="com.saucelab.Testcases.LoginTest" name="Login_01" time="0.853"/>
</testsuite> <!-- com.saucelab.Testcases.LoginTest -->
