<?xml version="1.0" encoding="UTF-8"?>
<!-- Generated by org.testng.reporters.JUnitReportReporter -->
<testsuite hostname="Revs_Device" failures="0" tests="2" name="com.saucelab.Testcases.ProductPageTest" time="0.264" errors="0" timestamp="2023-09-06T10:50:16 IST" skipped="0">
  <testcase classname="com.saucelab.Testcases.ProductPageTest" name="VerifyAddToCart" time="0.145"/>
  <testcase classname="com.saucelab.Testcases.ProductPageTest" name="VerifyBackBtn" time="0.119"/>
</testsuite> <!-- com.saucelab.Testcases.ProductPageTest -->
