<?xml version="1.0" encoding="UTF-8"?>
<!-- Generated by org.testng.reporters.JUnitReportReporter -->
<testsuite hostname="Revs_Device" failures="0" tests="4" name="com.saucelab.Testcases.YourCartPageTest" time="0.230" errors="0" timestamp="2023-09-06T12:25:08 IST" skipped="0">
  <testcase classname="com.saucelab.Testcases.YourCartPageTest" name="verifyPageURL" time="0.007"/>
  <testcase classname="com.saucelab.Testcases.YourCartPageTest" name="removeItemTest" time="0.029"/>
  <testcase classname="com.saucelab.Testcases.YourCartPageTest" name="continueShopping" time="0.105"/>
  <testcase classname="com.saucelab.Testcases.YourCartPageTest" name="shoppingCartTest" time="0.089"/>
</testsuite> <!-- com.saucelab.Testcases.YourCartPageTest -->
