<?xml version="1.0" encoding="UTF-8"?>
<!-- Generated by org.testng.reporters.JUnitReportReporter -->
<testsuite hostname="Revs_Device" failures="0" tests="2" name="com.saucelab.Testcases.OverViewPageTest" time="0.438" errors="0" timestamp="2023-09-06T13:00:03 IST" skipped="0">
  <testcase classname="com.saucelab.Testcases.OverViewPageTest" name="cancelCheckout" time="0.314"/>
  <testcase classname="com.saucelab.Testcases.OverViewPageTest" name="OverviewTest" time="0.124"/>
</testsuite> <!-- com.saucelab.Testcases.OverViewPageTest -->
