<?xml version="1.0" encoding="UTF-8"?>
<!-- Generated by org.testng.reporters.JUnitReportReporter -->
<testsuite hostname="Revs_Device" failures="0" tests="5" name="com.saucelab.Testcases.LoginTest" time="0.963" errors="0" timestamp="2023-09-05T16:47:05 IST" skipped="0">
  <testcase classname="com.saucelab.Testcases.LoginTest" name="VerifyPageURL" time="0.006">
    <system-out>
      <![CDATA[VerifyPageURLCompleted succesfully]]>
    </system-out>
  </testcase> <!-- VerifyPageURL -->
  <testcase classname="com.saucelab.Testcases.LoginTest" name="VerifyPageLogo" time="0.023">
    <system-out>
      <![CDATA[VerifyPageLogoCompleted succesfully]]>
    </system-out>
  </testcase> <!-- VerifyPageLogo -->
  <testcase classname="com.saucelab.Testcases.LoginTest" name="VerifyPageTitle" time="0.009">
    <system-out>
      <![CDATA[VerifyPageTitleCompleted succesfully]]>
    </system-out>
  </testcase> <!-- VerifyPageTitle -->
  <testcase classname="com.saucelab.Testcases.LoginTest" name="VerifyLabels" time="0.046">
    <system-out>
      <![CDATA[VerifyLabelsCompleted succesfully]]>
    </system-out>
  </testcase> <!-- VerifyLabels -->
  <testcase classname="com.saucelab.Testcases.LoginTest" name="Login" time="0.879">
    <system-out>
      <![CDATA[LoginCompleted succesfully]]>
    </system-out>
  </testcase> <!-- Login -->
  <system-out>
    <![CDATA[VerifyLabelsCompleted succesfully
VerifyPageLogoCompleted succesfully
VerifyPageTitleCompleted succesfully
VerifyPageURLCompleted succesfully
LoginCompleted succesfully
VerifyFilterDropDownCompleted succesfully
verifyURLCompleted succesfully
AddItemToCartTestCompleted succesfully
shoppingCartTestCompleted succesfully
verifyPageURLCompleted succesfully
verifylabelsCompleted succesfully
yourinformationTestCompleted succesfully
OverviewTestCompleted succesfully]]>
  </system-out>
</testsuite> <!-- com.saucelab.Testcases.LoginTest -->
